        -:    0:Source:testcase/example4-gcov.c
        -:    0:Graph:example4-gcov.gcno
        -:    0:Data:example4-gcov.gcda
        -:    0:Runs:1
        -:    1:#include <stdio.h>
        -:    2:
        -:    3:// 单元函数：计算波峰和波谷的数量
function countPeaksAndValleys called 4 returned 100% blocks executed 100%
        4:    4:int countPeaksAndValleys(int arr[5], int size) {
        4:    5:    if (size < 3) 
branch  0 taken 25% (fallthrough)
branch  1 taken 75%
        1:    6:        return 0;
        3:    7:    int count = 0;
        -:    8:
       10:    9:    for (int i = 1; i < size - 1; i=i+1) {
branch  0 taken 70%
branch  1 taken 30% (fallthrough)
        7:   10:        if (arr[i] > arr[i - 1]) {
branch  0 taken 57% (fallthrough)
branch  1 taken 43%
        4:   11:            if (arr[i] > arr[i + 1]) {
branch  0 taken 75% (fallthrough)
branch  1 taken 25%
        3:   12:                count=count+1; 
        -:   13:            }
        -:   14:            ;
        -:   15:        }
        -:   16:
        3:   17:        else if (arr[i] < arr[i - 1]) {
branch  0 taken 67% (fallthrough)
branch  1 taken 33%
        2:   18:            if (arr[i] < arr[i + 1]) {
branch  0 taken 50% (fallthrough)
branch  1 taken 50%
        1:   19:                count=count+1; 
        -:   20:            }
        -:   21:            ;
        -:   22:        }
        -:   23:    }
        -:   24:
        3:   25:    return count;
        -:   26:}
        -:   27:
function main called 1 returned 100% blocks executed 100%
        1:   28:int main() {
        -:   29:    // 测试用例 1
        1:   30:    int arr1[5] = {0, 3, 1, 2, 1};
        1:   31:    int size1 = 5;
        1:   32:    int result1 = countPeaksAndValleys(arr1, size1);
call    0 returned 100%
        1:   33:    printf("Test Case 1: Peaks and Valleys Count = %d\n", result1);
call    0 returned 100%
        -:   34:
        -:   35:    // 测试用例 2
        1:   36:    int arr2[2] = {0,1};
        1:   37:    int size2 = 2;
        1:   38:    int result2 = countPeaksAndValleys(arr2, size2);
call    0 returned 100%
        1:   39:    printf("Test Case 2: Peaks and Valleys Count = %d\n", result2);
call    0 returned 100%
        -:   40:
        -:   41:    // 测试用例 3
        1:   42:    int arr3[4] = {3, 2, 2, 2};
        1:   43:    int size3 = 4;
        1:   44:    int result3 = countPeaksAndValleys(arr3, size3);
call    0 returned 100%
        1:   45:    printf("Test Case 3: Peaks and Valleys Count = %d\n", result3);
call    0 returned 100%
        -:   46:
        -:   47:    // 测试用例 4
        1:   48:    int arr4[4] = {1,2,3,2};
        1:   49:    int size4 = 4;
        1:   50:    int result4 = countPeaksAndValleys(arr4, size4);
call    0 returned 100%
        1:   51:    printf("Test Case 4: Peaks and Valleys Count = %d\n", result4);
call    0 returned 100%
        -:   52:
        1:   53:    return 0;
        -:   54:}
