        -:    0:Source:test03.c
        -:    0:Graph:test03.gcno
        -:    0:Data:test03.gcda
        -:    0:Runs:1
        -:    1:#include <stdio.h>
        -:    2:
        1:    3:int main()
        -:    4:
        -:    5:{
        -:    6:  int a[2],b[2];
        -:    7:  int i;
        1:    8:  scanf("%d %d %d %d",&a[0],&a[1],&b[0],&b[1]);
        -:    9:
        3:   10:  for (i=0;i<2;i=i+1)
        -:   11:
        -:   12:  {
        -:   13:
        4:   14:	  while(a[i]!=b[i])
        -:   15:
        -:   16:	  {
        -:   17:
        2:   18:		  if (a[i]>b[i]) 
        -:   19:      
        -:   20:      {
        1:   21:        a[a[i]]=b[b[i]];
        -:   22:      }
        -:   23:
        1:   24:      else if (a[i]<b[i])
        -:   25:
        1:   26:        a[i]=b[i]=0;
        -:   27:
        -:   28:	  }
        -:   29:
        -:   30:  }
        -:   31:
        1:   32:	return 0;
        -:   33:
        -:   34:}
