        -:    0:Source:test01.c
        -:    0:Graph:test01.gcno
        -:    0:Data:test01.gcda
        -:    0:Runs:2
        -:    1:#include <stdio.h>
        -:    2:
        2:    3:int f(int flag, int x) {
        -:    4:
        2:    5:  if (flag > 42)
        -:    6:  {
        -:    7:
        1:    8:    return x + 42;
        -:    9:  }
        1:   10:  else if (flag==42)
        -:   11:  {
    #####:   12:        x=x+1;
        -:   13:  }
        -:   14:    
        -:   15:  else{
        -:   16:
        1:   17:    int ret = 0;
        -:   18:
        2:   19:    for (int i = 0; i < x; i=i+1) {
        -:   20:
        1:   21:      ret = ret + i * x;
        -:   22:
        -:   23:    }
        -:   24:
        1:   25:    return ret;
        -:   26:
        -:   27:  }
        -:   28:
    #####:   29:  return 42 + flag;
        -:   30:
        -:   31:}
        -:   32:
        2:   33:int main()
        -:   34:{
        -:   35:  int a,b;
        2:   36:  scanf("%d %d",&a,&b);
        2:   37:  f(a,b);
        -:   38:}
        -:   39:
