        -:    0:Source:test.c
        -:    0:Graph:test.gcno
        -:    0:Data:test.gcda
        -:    0:Runs:1
        -:    1:#include <stdio.h>
        -:    2:
        1:    3:int main() {
        1:    4:    int sum=0;
        -:    5:    int a;
        -:    6:    int b;
        -:    7:    int c;
        1:    8:    int M=5;
        1:    9:    scanf("%d %d %d",&a,&b,&c);
        1:   10:    sum = 3 * M + 4 * M + 5 * M;
        1:   11:    if (a>0)
        1:   12:        a=a+1;
        -:   13:    else
    #####:   14:        a=a-1;
        -:   15:    int i;
       1*:   16:    for (i=10;i<10;i=i+1)
    #####:   17:        a=a+i;
        2:   18:    while (a>1)
        -:   19:    {
        1:   20:        if (b>0)
        1:   21:            a=a-1;
        -:   22:        else
    #####:   23:            a=a+2;
        -:   24:    }
        1:   25:    c=b=a;
        1:   26:    while (a<0)
    #####:   27:        a=a+1;
        1:   28:    return 0;
        -:   29:}
